39 error Error: Command failed: git commit -F /private/var/folders/w1/qw7gzxdn3nj84kmj02kchd_r0000gn/T/2bd0d473-82ca-4782-9c9a-0e24ea0ec36e/lerna-commit.txt
39 error  > running pre-commit hook: lint-staged
39 error No staged files match any of provided globs.
39 error  > running prepare-commit-msg hook: exec < /dev/tty && git cz --hook
39 error cz-cli@3.1.1, cz-conventional-changelog@2.1.0
39 error
39 error
39 error Line 1 will be cropped at 100 characters. All other lines will be wrapped after 100 characters.
39 error
39 error ? Select the type of change that you're committing: (Use arrow keys)
39 error â¯ feat:     A new feature
39 error   fix:      A bug fix
39 error   docs:     Documentation only changes
39 error   style:    Changes that do not affect the meaning of the code (white-space, for
39 error matting, missing semi-colons, etc)
39 error   refactor: A code change that neither fixes a bug nor adds a feature
39 error   perf:     A code change that improves performance
39 error (Move up and down to reveal more choices)[41D[41C[2K[1A[2K[1A[2K[1A[2K[1A[2K[1A[2K[1A[2K[1A[2K[1A[2K[G? Select the type of change that you're committing: feat:     A new feature[75D[75C
39 error ? What is the scope of this change (e.g. component or file name)? (press enter t
39 error o skip)
39 error  [1D[1C[2K[1A[2K[1A[2K[G? What is the scope of this change (e.g. component or file name)? (press enter t
39 error o skip)
39 error  [1D[1C
39 error ? Write a short, imperative tense description of the change:
39 error  [1D[1C[2K[1A[2K[G? Write a short, imperative tense description of the change:
39 error  [1D[1C
39 error ? Provide a longer description of the change: (press enter to skip)
39 error  [1D[1C[2K[1A[2K[G? Provide a longer description of the change: (press enter to skip)
39 error  [1D[1C
39 error ? Are there any breaking changes? (y/N) [40D[40C[2K[G? Are there any breaking changes? No[36D[36C
39 error ? Does this change affect any open issues? (y/N) [49D[49C[2K[G? Does this change affect any open issues? No[45D[45C
39 error  > running commit-msg hook: commitlint -E GIT_PARAMS
39 error
39 error â§—   input: feat:
39 error âœ–   subject may not be empty [subject-empty]
39 error âœ–   type may not be empty [type-empty]
39 error âœ–   found 2 problems, 0 warnings
39 error     (Need help? -> https://github.com/conventional-changelog/commitlint#what-is-commitlint )
39 error
39 error
39 error
39 error commit-msg hook failed (add --no-verify to bypass)
39 error
39 error     at makeError (/Users/gh/BIU/wheel/node_modules/execa/index.js:174:9)
39 error     at Promise.all.then.arr (/Users/gh/BIU/wheel/node_modules/execa/index.js:278:16)
